<?xml version="1.0" encoding="UTF-8"?>
<testng-results ignored="0" total="3" passed="3" failed="0" skipped="0">
  <reporter-output>
  </reporter-output>
  <suite started-at="2022-09-18T21:45:46 IST" name="Suite" finished-at="2022-09-18T21:46:38 IST" duration-ms="52603">
    <groups>
    </groups>
    <test started-at="2022-09-18T21:45:46 IST" name="Test" finished-at="2022-09-18T21:46:38 IST" duration-ms="52603">
      <class name="tests.NumadicTestSuite">
        <test-method is-config="true" signature="beforetest()[pri:0, instance:tests.NumadicTestSuite@258d79be]" started-at="2022-09-18T21:45:46 IST" name="beforetest" finished-at="2022-09-18T21:45:59 IST" duration-ms="13176" status="PASS">
          <reporter-output>
          </reporter-output>
        </test-method> <!-- beforetest -->
        <test-method signature="validateLofinToCrewBtn()[pri:1, instance:tests.NumadicTestSuite@258d79be]" started-at="2022-09-18T21:45:59 IST" name="validateLofinToCrewBtn" finished-at="2022-09-18T21:45:59 IST" duration-ms="65" status="PASS">
          <reporter-output>
          </reporter-output>
        </test-method> <!-- validateLofinToCrewBtn -->
        <test-method signature="aaplyingForQARole()[pri:2, instance:tests.NumadicTestSuite@258d79be]" started-at="2022-09-18T21:45:59 IST" name="aaplyingForQARole" finished-at="2022-09-18T21:46:03 IST" duration-ms="3879" status="PASS">
          <reporter-output>
          </reporter-output>
        </test-method> <!-- aaplyingForQARole -->
        <test-method signature="checkingValidationsUnderPersonalDetails()[pri:3, instance:tests.NumadicTestSuite@258d79be]" started-at="2022-09-18T21:46:03 IST" name="checkingValidationsUnderPersonalDetails" finished-at="2022-09-18T21:46:37 IST" duration-ms="34049" status="PASS">
          <reporter-output>
          </reporter-output>
        </test-method> <!-- checkingValidationsUnderPersonalDetails -->
        <test-method is-config="true" signature="aftertest()[pri:0, instance:tests.NumadicTestSuite@258d79be]" started-at="2022-09-18T21:46:37 IST" name="aftertest" finished-at="2022-09-18T21:46:38 IST" duration-ms="1376" status="PASS">
          <reporter-output>
          </reporter-output>
        </test-method> <!-- aftertest -->
      </class> <!-- tests.NumadicTestSuite -->
    </test> <!-- Test -->
  </suite> <!-- Suite -->
</testng-results>
