<?xml version="1.0" encoding="UTF-8"?>
<testng-results ignored="0" total="3" passed="3" failed="0" skipped="0">
  <reporter-output>
  </reporter-output>
  <suite started-at="2022-09-17T23:48:55 IST" name="Suite" finished-at="2022-09-17T23:49:58 IST" duration-ms="62896">
    <groups>
    </groups>
    <test started-at="2022-09-17T23:48:55 IST" name="Test" finished-at="2022-09-17T23:49:58 IST" duration-ms="62896">
      <class name="tests.NumadicTestSuite">
        <test-method is-config="true" signature="beforetest()[pri:0, instance:tests.NumadicTestSuite@48d61b48]" started-at="2022-09-17T23:48:55 IST" name="beforetest" finished-at="2022-09-17T23:49:19 IST" duration-ms="24332" status="PASS">
          <reporter-output>
          </reporter-output>
        </test-method> <!-- beforetest -->
        <test-method signature="validateLofinToCrewBtn()[pri:1, instance:tests.NumadicTestSuite@48d61b48]" started-at="2022-09-17T23:49:19 IST" name="validateLofinToCrewBtn" finished-at="2022-09-17T23:49:20 IST" duration-ms="136" status="PASS">
          <reporter-output>
          </reporter-output>
        </test-method> <!-- validateLofinToCrewBtn -->
        <test-method signature="aaplyingForQARole()[pri:2, instance:tests.NumadicTestSuite@48d61b48]" started-at="2022-09-17T23:49:20 IST" name="aaplyingForQARole" finished-at="2022-09-17T23:49:23 IST" duration-ms="3926" status="PASS">
          <reporter-output>
          </reporter-output>
        </test-method> <!-- aaplyingForQARole -->
        <test-method signature="checkingValidationsUnderPersonalDetails()[pri:3, instance:tests.NumadicTestSuite@48d61b48]" started-at="2022-09-17T23:49:23 IST" name="checkingValidationsUnderPersonalDetails" finished-at="2022-09-17T23:49:58 IST" duration-ms="34426" status="PASS">
          <reporter-output>
          </reporter-output>
        </test-method> <!-- checkingValidationsUnderPersonalDetails -->
      </class> <!-- tests.NumadicTestSuite -->
    </test> <!-- Test -->
  </suite> <!-- Suite -->
</testng-results>
