<?xml version="1.0" encoding="UTF-8"?>
<!-- Generated by org.testng.reporters.JUnitXMLReporter -->
<testsuite ignored="0" hostname="DESKTOP-G03COOK" failures="0" tests="3" name="Test" time="62.896" errors="0" timestamp="2022-09-17T23:49:58 IST">
  <testcase classname="tests.NumadicTestSuite" name="validateLofinToCrewBtn" time="0.136"/>
  <testcase classname="tests.NumadicTestSuite" name="aaplyingForQARole" time="3.926"/>
  <testcase classname="tests.NumadicTestSuite" name="checkingValidationsUnderPersonalDetails" time="34.426"/>
</testsuite> <!-- Test -->
