<?xml version="1.0" encoding="UTF-8"?>
<!-- Generated by org.testng.reporters.JUnitXMLReporter -->
<testsuite ignored="0" hostname="DESKTOP-G03COOK" failures="0" tests="3" name="Test" time="52.603" errors="0" timestamp="2022-09-18T21:46:38 IST">
  <testcase classname="tests.NumadicTestSuite" name="validateLofinToCrewBtn" time="0.065"/>
  <testcase classname="tests.NumadicTestSuite" name="aaplyingForQARole" time="3.879"/>
  <testcase classname="tests.NumadicTestSuite" name="checkingValidationsUnderPersonalDetails" time="34.049"/>
</testsuite> <!-- Test -->
